mode: atomic
sportdata/api-gateway/internal/middleware/auth.go:27.37,28.30 1 4
sportdata/api-gateway/internal/middleware/auth.go:28.30,30.56 2 4
sportdata/api-gateway/internal/middleware/auth.go:30.56,33.4 2 1
sportdata/api-gateway/internal/middleware/auth.go:35.3,37.17 3 3
sportdata/api-gateway/internal/middleware/auth.go:37.17,40.4 2 1
sportdata/api-gateway/internal/middleware/auth.go:42.3,42.55 1 2
sportdata/api-gateway/internal/middleware/auth.go:42.55,45.4 2 1
sportdata/api-gateway/internal/middleware/auth.go:47.3,53.11 7 1
sportdata/api-gateway/internal/middleware/auth.go:57.49,58.30 1 8
sportdata/api-gateway/internal/middleware/auth.go:58.30,60.14 2 8
sportdata/api-gateway/internal/middleware/auth.go:60.14,63.4 2 0
sportdata/api-gateway/internal/middleware/auth.go:64.3,65.10 2 8
sportdata/api-gateway/internal/middleware/auth.go:65.10,68.4 2 0
sportdata/api-gateway/internal/middleware/auth.go:69.3,69.27 1 8
sportdata/api-gateway/internal/middleware/auth.go:69.27,72.4 2 4
sportdata/api-gateway/internal/middleware/auth.go:73.3,73.11 1 4
sportdata/api-gateway/internal/middleware/auth.go:77.39,78.30 1 4
sportdata/api-gateway/internal/middleware/auth.go:78.30,83.34 5 4
sportdata/api-gateway/internal/middleware/auth.go:83.34,86.4 2 3
sportdata/api-gateway/internal/middleware/auth.go:87.3,87.11 1 1
sportdata/api-gateway/internal/middleware/auth.go:91.51,93.21 1 3
sportdata/api-gateway/internal/middleware/auth.go:93.21,95.50 2 2
sportdata/api-gateway/internal/middleware/auth.go:95.50,96.50 1 0
sportdata/api-gateway/internal/middleware/auth.go:96.50,98.5 1 0
sportdata/api-gateway/internal/middleware/auth.go:100.3,100.71 1 2
sportdata/api-gateway/internal/middleware/auth.go:104.2,104.22 1 3
sportdata/api-gateway/internal/middleware/auth.go:104.22,106.3 1 3
sportdata/api-gateway/internal/middleware/auth.go:108.2,113.48 6 3
sportdata/api-gateway/internal/middleware/auth.go:116.48,118.21 2 8
sportdata/api-gateway/internal/middleware/auth.go:118.21,120.3 1 4
sportdata/api-gateway/internal/middleware/auth.go:122.2,124.56 3 4
sportdata/api-gateway/internal/middleware/auth.go:124.56,126.3 1 1
sportdata/api-gateway/internal/middleware/auth.go:128.2,129.16 2 3
sportdata/api-gateway/internal/middleware/auth.go:129.16,131.3 1 0
sportdata/api-gateway/internal/middleware/auth.go:133.2,134.57 2 3
sportdata/api-gateway/internal/middleware/auth.go:134.57,136.3 1 0
sportdata/api-gateway/internal/middleware/auth.go:138.2,138.21 1 3
sportdata/api-gateway/internal/middleware/auth.go:141.39,145.2 3 7
sportdata/api-gateway/internal/middleware/auth.go:147.36,149.2 1 13
sportdata/api-gateway/internal/middleware/cors.go:10.29,11.30 1 2
sportdata/api-gateway/internal/middleware/cors.go:11.30,13.27 2 3
sportdata/api-gateway/internal/middleware/cors.go:13.27,15.4 1 0
sportdata/api-gateway/internal/middleware/cors.go:17.3,19.56 3 3
sportdata/api-gateway/internal/middleware/cors.go:19.56,20.38 1 4
sportdata/api-gateway/internal/middleware/cors.go:20.38,22.10 2 2
sportdata/api-gateway/internal/middleware/cors.go:26.3,26.14 1 3
sportdata/api-gateway/internal/middleware/cors.go:26.14,28.4 1 2
sportdata/api-gateway/internal/middleware/cors.go:30.3,35.36 5 3
sportdata/api-gateway/internal/middleware/cors.go:35.36,38.4 2 1
sportdata/api-gateway/internal/middleware/cors.go:40.3,40.11 1 2
sportdata/api-gateway/internal/middleware/jwt.go:12.45,13.30 1 0
sportdata/api-gateway/internal/middleware/jwt.go:13.30,15.19 2 0
sportdata/api-gateway/internal/middleware/jwt.go:15.19,18.4 2 0
sportdata/api-gateway/internal/middleware/jwt.go:20.3,21.64 2 0
sportdata/api-gateway/internal/middleware/jwt.go:21.64,24.4 2 0
sportdata/api-gateway/internal/middleware/jwt.go:26.3,26.77 1 0
sportdata/api-gateway/internal/middleware/jwt.go:26.77,27.55 1 0
sportdata/api-gateway/internal/middleware/jwt.go:27.55,29.5 1 0
sportdata/api-gateway/internal/middleware/jwt.go:30.4,30.30 1 0
sportdata/api-gateway/internal/middleware/jwt.go:32.3,32.33 1 0
sportdata/api-gateway/internal/middleware/jwt.go:32.33,35.4 2 0
sportdata/api-gateway/internal/middleware/jwt.go:37.3,38.10 2 0
sportdata/api-gateway/internal/middleware/jwt.go:38.10,41.4 2 0
sportdata/api-gateway/internal/middleware/jwt.go:43.3,48.11 5 0
sportdata/api-gateway/internal/middleware/jwt.go:53.51,54.30 1 0
sportdata/api-gateway/internal/middleware/jwt.go:54.30,56.27 2 0
sportdata/api-gateway/internal/middleware/jwt.go:56.27,57.21 1 0
sportdata/api-gateway/internal/middleware/jwt.go:57.21,60.5 2 0
sportdata/api-gateway/internal/middleware/jwt.go:62.3,62.99 1 0
sportdata/api-gateway/internal/middleware/ratelimit.go:23.50,32.2 3 1
sportdata/api-gateway/internal/middleware/ratelimit.go:34.52,35.30 1 1
sportdata/api-gateway/internal/middleware/ratelimit.go:35.30,42.14 5 6
sportdata/api-gateway/internal/middleware/ratelimit.go:42.14,47.4 4 1
sportdata/api-gateway/internal/middleware/ratelimit.go:49.3,51.26 3 5
sportdata/api-gateway/internal/middleware/ratelimit.go:51.26,53.4 1 0
sportdata/api-gateway/internal/middleware/ratelimit.go:54.3,56.19 2 5
sportdata/api-gateway/internal/middleware/ratelimit.go:56.19,63.4 4 1
sportdata/api-gateway/internal/middleware/ratelimit.go:65.3,67.11 3 4
sportdata/api-gateway/internal/middleware/ratelimit.go:71.34,72.6 1 1
sportdata/api-gateway/internal/middleware/ratelimit.go:72.6,75.34 3 1
sportdata/api-gateway/internal/middleware/ratelimit.go:75.34,76.46 1 0
sportdata/api-gateway/internal/middleware/ratelimit.go:76.46,78.5 1 0
sportdata/api-gateway/internal/middleware/ratelimit.go:80.3,80.17 1 0
sportdata/api-gateway/internal/middleware/security.go:8.40,9.30 1 1
sportdata/api-gateway/internal/middleware/security.go:9.30,17.3 3 1
